<?xml version="1.0" encoding="UTF-8"?>
<!-- Generated by org.testng.reporters.JUnitXMLReporter -->
<testsuite ignored="0" hostname="Dipali" failures="1" tests="1" name="Test" time="29.32" errors="0" timestamp="2023-07-06T16:13:59 IST">
  <testcase classname="com.TFH.test.login1" name="loginTest" time="4.262">
    <failure type="org.openqa.selenium.SessionNotCreatedException" message="Could not start a new session. Response code 500. Message: An unknown server-side error occurred while processing the command. Original error: &amp;apos;app&amp;apos; option is required for reinstall 
Host info: host: &amp;apos;DIPALI&amp;apos;, ip: &amp;apos;192.168.2.4&amp;apos;
Build info: version: &amp;apos;4.10.0&amp;apos;, revision: &amp;apos;c14d967899&amp;apos;
System info: os.name: &amp;apos;Windows 10&amp;apos;, os.arch: &amp;apos;amd64&amp;apos;, os.version: &amp;apos;10.0&amp;apos;, java.version: &amp;apos;11.0.16.1&amp;apos;
Driver info: io.appium.java_client.android.AndroidDriver
Command: [null, newSession {capabilities=[{appium:appActivity=com.avegen.together.MainActivity, appium:appPackage=com.avegen.together3.16, appium:deviceName=30cc6c3b, platformName=ANDROID}], desiredCapabilities=Capabilities {appActivity: com.avegen.together.MainAct..., appPackage: com.avegen.together3.16, deviceName: 30cc6c3b, platformName: ANDROID}}]
Capabilities {appActivity: com.avegen.together.MainAct..., appPackage: com.avegen.together3.16, deviceName: 30cc6c3b, platformName: ANDROID}">
      <![CDATA[org.openqa.selenium.SessionNotCreatedException: Could not start a new session. Response code 500. Message: An unknown server-side error occurred while processing the command. Original error: 'app' option is required for reinstall 
Host info: host: 'DIPALI', ip: '192.168.2.4'
Build info: version: '4.10.0', revision: 'c14d967899'
System info: os.name: 'Windows 10', os.arch: 'amd64', os.version: '10.0', java.version: '11.0.16.1'
Driver info: io.appium.java_client.android.AndroidDriver
Command: [null, newSession {capabilities=[{appium:appActivity=com.avegen.together.MainActivity, appium:appPackage=com.avegen.together3.16, appium:deviceName=30cc6c3b, platformName=ANDROID}], desiredCapabilities=Capabilities {appActivity: com.avegen.together.MainAct..., appPackage: com.avegen.together3.16, deviceName: 30cc6c3b, platformName: ANDROID}}]
Capabilities {appActivity: com.avegen.together.MainAct..., appPackage: com.avegen.together3.16, deviceName: 30cc6c3b, platformName: ANDROID}
at org.openqa.selenium.remote.ProtocolHandshake.createSession(ProtocolHandshake.java:140)
at io.appium.java_client.remote.AppiumProtocolHandshake.createSession(AppiumProtocolHandshake.java:133)
at io.appium.java_client.remote.AppiumProtocolHandshake.createSession(AppiumProtocolHandshake.java:102)
at io.appium.java_client.remote.AppiumCommandExecutor.createSession(AppiumCommandExecutor.java:182)
at io.appium.java_client.remote.AppiumCommandExecutor.execute(AppiumCommandExecutor.java:250)
at org.openqa.selenium.remote.RemoteWebDriver.execute(RemoteWebDriver.java:531)
at io.appium.java_client.AppiumDriver.startSession(AppiumDriver.java:274)
at org.openqa.selenium.remote.RemoteWebDriver.<init>(RemoteWebDriver.java:154)
at io.appium.java_client.AppiumDriver.<init>(AppiumDriver.java:89)
at io.appium.java_client.AppiumDriver.<init>(AppiumDriver.java:101)
at io.appium.java_client.android.AndroidDriver.<init>(AndroidDriver.java:113)
at com.TFH.test.login1.loginTest(login1.java:30)
at java.base/java.util.ArrayList.forEach(ArrayList.java:1541)
... Removed 31 stack frames]]>
    </failure>
  </testcase> <!-- loginTest -->
</testsuite> <!-- Test -->
